2017-10-18 20:26:29,623 [main] INFO  org.mule.module.launcher.application.DefaultMuleApplication - 
++++++++++++++++++++++++++++++++++++++++++++++++++++++++++++
+ Initializing app 'apdev-examples-mod05'                  +
++++++++++++++++++++++++++++++++++++++++++++++++++++++++++++
2017-10-18 20:26:29,847 [main] INFO  org.mule.lifecycle.AbstractLifecycleManager - Initialising RegistryBroker
2017-10-18 20:26:30,010 [main] INFO  org.mule.module.extension.internal.manager.DefaultExtensionManager - Starting discovery of extensions
2017-10-18 20:26:30,154 [main] INFO  org.mule.module.extension.internal.manager.DefaultExtensionManager - Discovered 1 extensions
2017-10-18 20:26:30,154 [main] INFO  org.mule.module.extension.internal.manager.DefaultExtensionManager - Registering extension validation (version 3.8)
2017-10-18 20:26:30,269 [main] INFO  org.mule.config.spring.MuleArtifactContext - Refreshing org.mule.config.spring.MuleArtifactContext@47874b25: startup date [Wed Oct 18 20:26:30 SGT 2017]; root of context hierarchy
2017-10-18 20:26:32,040 [main] INFO  org.mule.config.spring.processors.NoDevkitInjectorProcessor - JSR-330 'javax.inject.Inject' annotation found and supported for autowiring
2017-10-18 20:26:33,138 [main] WARN  org.mule.module.ognl.expression.OgnlExpressionEvaluator - OGNL module is deprecated and will be removed in Mule 4.0. Use MEL expressions instead.
2017-10-18 20:26:33,737 [main] INFO  org.mule.util.journal.TransactionJournal - Using files for tx logs C:\Users\sunshine.cotejo\AnypointStudio\workspace\.mule\.\.mule\apdev-examples-mod05\queue-tx-log\tx1.log and C:\Users\sunshine.cotejo\AnypointStudio\workspace\.mule\.\.mule\apdev-examples-mod05\queue-tx-log\tx2.log
2017-10-18 20:26:33,761 [main] INFO  org.mule.util.journal.TransactionJournal - Using files for tx logs C:\Users\sunshine.cotejo\AnypointStudio\workspace\.mule\.\.mule\apdev-examples-mod05\queue-xa-tx-log\tx1.log and C:\Users\sunshine.cotejo\AnypointStudio\workspace\.mule\.\.mule\apdev-examples-mod05\queue-xa-tx-log\tx2.log
2017-10-18 20:26:33,892 [main] INFO  org.mule.lifecycle.AbstractLifecycleManager - Initialising model: _muleSystemModel
2017-10-18 20:26:33,892 [main] INFO  org.mule.construct.FlowConstructLifecycleManager - Initialising flow: apdev-examplesFlow
2017-10-18 20:26:33,892 [main] INFO  org.mule.exception.DefaultMessagingExceptionStrategy - Initialising exception listener: org.mule.exception.DefaultMessagingExceptionStrategy@56476c16
2017-10-18 20:26:33,939 [main] INFO  org.mule.processor.SedaStageLifecycleManager - Initialising service: apdev-examplesFlow.stage1
2017-10-18 20:26:34,484 [main] INFO  org.mule.config.spring.SpringXmlConfigurationBuilder - Configured Mule using "org.mule.config.spring.SpringXmlConfigurationBuilder" with configuration resource(s): "[ConfigResource{resourceName='C:\Users\sunshine.cotejo\AnypointStudio\workspace\.mule\apps\apdev-examples-mod05\apdev-examples.xml'}]"
2017-10-18 20:26:34,484 [main] INFO  org.mule.config.builders.AutoConfigurationBuilder - Configured Mule using "org.mule.config.builders.AutoConfigurationBuilder" with configuration resource(s): "[ConfigResource{resourceName='C:\Users\sunshine.cotejo\AnypointStudio\workspace\.mule\apps\apdev-examples-mod05\apdev-examples.xml'}]"
2017-10-18 20:26:37,507 [main] INFO  org.mule.module.launcher.application.DefaultMuleApplication - 
++++++++++++++++++++++++++++++++++++++++++++++++++++++++++++
+ Starting app 'apdev-examples-mod05'                      +
++++++++++++++++++++++++++++++++++++++++++++++++++++++++++++
2017-10-18 20:26:37,509 [main] INFO  org.mule.util.queue.QueueXaResourceManager - Starting ResourceManager
2017-10-18 20:26:37,509 [main] INFO  org.mule.util.queue.QueueXaResourceManager - Started ResourceManager
2017-10-18 20:26:37,569 [main] INFO  org.mule.module.http.internal.listener.DefaultHttpListenerConfig - Listening for requests on http://0.0.0.0:8000
2017-10-18 20:26:37,569 [main] INFO  org.mule.modules.oauth2.provider.agents.DefaultSplashScreenAgent - 
++++++++++++++++++++++++++++++++++++++++++++++++++++++++++++++++++++++++++++++++
+ DevKit Extensions (0) used in this application 
                             +
++++++++++++++++++++++++++++++++++++++++++++++++++++++++++++++++++++++++++++++++
2017-10-18 20:26:37,569 [main] INFO  org.mule.lifecycle.AbstractLifecycleManager - Starting model: _muleSystemModel
2017-10-18 20:26:37,569 [main] INFO  org.mule.construct.FlowConstructLifecycleManager - Starting flow: apdev-examplesFlow
2017-10-18 20:26:37,569 [main] INFO  org.mule.processor.SedaStageLifecycleManager - Starting service: apdev-examplesFlow.stage1
2017-10-18 20:26:37,637 [main] INFO  org.mule.module.management.agent.WrapperManagerAgent - This JVM hasn't been launched by the wrapper, the agent will not run.
2017-10-18 20:26:37,653 [main] INFO  org.mule.DefaultMuleContext - 
**********************************************************************
* Application: apdev-examples-mod05                                  *
* OS encoding: \, Mule encoding: UTF-8                               *
*                                                                    *
* Agents Running:                                                    *
*   DevKit Extension Information                                     *
*   Batch module default engine                                      *
*   JMX Agent                                                        *
*   Wrapper Manager                                                  *
**********************************************************************
2017-10-18 20:26:46,724 [[apdev-examples-mod05].HTTP_Listener_Configuration.worker.01] INFO  org.mule.api.processor.LoggerMessageProcessor - Name: max Type: mule Color: gray
